
ROM used: 29270 (89%)
          29270 (89%) including unused fragments

          4 Average locations per line
          18 Average locations per statement

RAM used: 457 (22%) at main() level
          918 (45%) worst case

Stack used: 17 worst case (out of 31 total available)

Lines Stmts  %   Files
----- ----- ---  -----
  643   381  23  zPID.c
  405   283  17  SerialPort.c
  222     0   0  GLOBAL.c
  457     0   0  ..\..\..\..\..\..\..\Program Files (x86)\PICC\devices\18f4550.h
   42     8   0  myEEPROM.c
 1273   359  22  ..\..\..\..\..\..\..\Program Files (x86)\PICC\drivers\stdlib.h
   28     0   0  ..\..\..\..\..\..\..\Program Files (x86)\PICC\drivers\stddef.h
  409     0   0  ..\..\..\..\..\..\..\Program Files (x86)\PICC\drivers\string.h
   28     0   0  ..\..\..\..\..\..\..\Program Files (x86)\PICC\drivers\ctype.h
  121    38   2  ..\..\..\..\..\..\..\Program Files (x86)\PICC\drivers\input.c
  572   259  16  PID.c
   37     0   0  ..\..\..\..\..\..\..\Program Files (x86)\PICC\drivers\stdio.h
 2172   260  16  ..\..\..\..\..\..\..\Program Files (x86)\PICC\drivers\math.h
   25     0   0  PID.h
  207    70   4  MFU.c
----- -----
 6641  1658 Total

Page ROM  %  RAM   Vol Diff  Functions:
---- --- --- ---   --- ----  ----------
0      8   0   0             @PUTCHARI_BIU_1
0     24   0   0             @GETCH_BIU_1
0    102   0   9   187  5.5  write_float_eeprom
0     98   0  10   204  5.5  read_float_eeprom
0    106   0   6    99  2.6  write_int16_eeprom
0    138   0   5   109  2.7  read_int16_eeprom
0     34   0   5             @MUL1616
0     84   0   6             @MULS1616
0    246   0  11             @MULFF
0     54   0   2             @ITOF
0    632   1  16             @ADDFF
0    350   1  14             @DIVFF
0    788   1  19  1542 12.4  strtof
0     72   0   5             @DIV1616
0    122   0  10             @FLT
0     60   0   4             @SFTOI
0     80   0   2             @SITOF
0    110   0  13   338  4.2  guardar_cambios
0   1160   2  29  1024  8.0  definir_universo_salida
0    638   1  33   593  6.1  definir_rango_salida_NBu_NBdu
0    518   1  33   562  5.6  definir_rango_salida_NSu_NSdu
0    518   1  33   562  5.6  definir_rango_salida_Zu_Zdu
0    518   1  33   562  5.6  definir_rango_salida_PSu_PSdu
0    518   1  33   562  5.6  definir_rango_salida_PBu_PBdu
0    616   1  18   447  2.0  initialize_PI_Fuzzy
0    632   1  18   447  2.0  initialize_PD_Fuzzy
0    348   1  48   473  5.6  compute
0    412   1  32   333  6.9  MF_xfl_triangle_equal
0     74   0   8    68  4.0  OP_myOperations_And
0     76   0   8    68  4.0  OP_myOperations_Also
0     74   0   8    68  4.0  OP_myOperations_Imp
0    630   1  58   513  7.7  OP_myOperations_Defuz
0    110   0   4   104  2.5  TP_e_NB_equal
0    104   0   4   100  2.5  TP_e_NS_equal
0    104   0   4    96  2.5  TP_e_Z_equal
0    104   0   4    92  2.5  TP_e_PS_equal
0    110   0   4    92  2.5  TP_e_PB_equal
0    110   0   4   104  2.5  TP_de_DB_equal
0    104   0   4   100  2.5  TP_de_DS_equal
0    104   0   4    96  2.5  TP_de_Z_equal
0    104   0   4    92  2.5  TP_de_IS_equal
0    110   0   4    92  2.5  TP_de_IB_equal
0    116   0   4   149  2.8  TP_duPI_NBdu_equal
0    116   0   4   149  2.8  TP_duPI_NSdu_equal
0    116   0   4   149  2.8  TP_duPI_Zdu_equal
0    116   0   4   149  2.8  TP_duPI_PSdu_equal
0    118   0   4   149  2.8  TP_duPI_PBdu_equal
0    118   0   4   149  2.8  TP_uPD_NBu_equal
0    118   0   4   149  2.8  TP_uPD_NSu_equal
0    118   0   4   149  2.8  TP_uPD_Zu_equal
0    118   0   4   149  2.8  TP_uPD_PSu_equal
0    118   0   4   149  2.8  TP_uPD_PBu_equal
0   2872   5 154  5786  4.6  RL_rules
0    128   0  16   130  4.0  RL_rulesPI
0    128   0  16   130  4.0  RL_rulesPD
0     80   0  16   143  3.7  PIInferenceEngine
0     80   0  16   143  3.7  PDInferenceEngine
0   1252   2   6  4083  4.5  consequent_equal
0     76   0   0             @goto12037
0     76   0   0             @goto12070
0     88   0   3   431  4.4  serial_port
0    348   1   1  1530  4.9  analizar_Rx
0   1250   2   2  2594 10.0  Tx_function
0     44   0   1   172  3.1  estado_pid_function
0    100   0   1   195  3.1  estado_fuzzy_function
0    438   1   1  2650  4.4  end_of_Tx_function
0    184   0   0  1191  4.4  escritura_configuracion_function
0     34   0   0             @goto12299
0     34   0   0             @goto12309
0     40   0   0             @goto12319
0    194   0   1   494  4.6  entrada_digital_function
0     44   0   3             @DIV88
0    220   0   6             @PRINTF_D_9600_31766_31767
0    240   0   2   183  5.1  ciclo_util_PWM_function
0     86   0   0   272  4.5  salida_digital_function
0    174   0   1   550  3.8  lectura_configuracion_function
0     40   0   0             @goto12429
0     10   0   0    37  1.3  default_interrupt
0     18   0   0    36  1.2  TIMER0
0    654   1  14   727  5.7  TIMER1
0     32   0   0    76  3.0  print_enabled
0     52   0   1    59  1.6  ADC_Read
0    156   0   7   399  8.0  promedio
0    166   0   0   801  4.3  set_PWM_period
0     56   0   0   258  1.9  setup
0   1294   2   1  6652  6.0  initialize
0    150   0   6    83  2.5  calc_tmr
0    386   1   2   595  2.9  initialize_Fuzzy
0     28   0   2    27  1.5  filtro_promedio
0    920   2   8  1232  6.8  algoritmo_PID
0   1368   2  10  2200  8.4  algoritmo_Fuzzy
0     88   0   2    59  2.2  set_PWM
0     36   0   1   149  2.6  enable_timer0
0     42   0   1   149  2.6  enable_timer1
0   1018   2   2  1669  4.4  printRS232
0    226   0   9             @PRINTF_LD_9600_31766_31767
0     68   0   5             @FTOSD
0    128   0  13             @DIV3232
0    444   1  13             @PRINTF_L32D_9600_31766_31767FPFPF
0    170   0   9             @PRINTF_LU_9600_31766_31767
0    778   1   1  2518  3.9  saveToEEPROM
0     70   0   4   131  3.5  guardar_bufferRx
0    214   0   0   140  2.5  main

Program metrics:
    Functions               78
    Statements              1658
    Comments                1340
    Volume (V)              90458
    Difficilty (D)          314.7
    Effort to implement (E) 28464135
    Time to implement (T)   439 hours, 16 minutes
    Est Delivered Bugs (B)  31
    Cyclomatic Complexity   236
    Maintainability (MI)    91

 Segment     Used  Free
-----------  ----  ----
00000-00002     4  0  
00004-00006     0  4  
00008-00176   368  0  
00178-07FFE  28898  3494  



